e:\编程项目\调试器\dbgproject\project2\debug\vc141.pdb
e:\编程项目\调试器\dbgproject\project2\debug\vc141.idb
e:\编程项目\调试器\dbgproject\project2\debug\debugger.obj
e:\编程项目\调试器\dbgproject\project2\debug\menu.obj
e:\编程项目\调试器\dbgproject\project2\debug\processevent.obj
e:\编程项目\调试器\dbgproject\project2\debug\pe.obj
e:\编程项目\调试器\dbgproject\project2\debug\main.obj
e:\编程项目\调试器\dbgproject\project2\debug\lordpe.obj
e:\编程项目\调试器\dbgproject\project2\debug\exceptevent.obj
e:\编程项目\调试器\dbgproject\project2\debug\dsasm_functions.obj
e:\编程项目\调试器\dbgproject\project2\debug\dllevent.obj
e:\编程项目\调试器\dbgproject\project2\debug\disasm.obj
e:\编程项目\调试器\dbgproject\project2\debug\decode2asm.obj
e:\编程项目\调试器\dbgproject\project2\debug\common.obj
e:\编程项目\调试器\dbgproject\project2\debug\baseevent.obj
e:\编程项目\调试器\dbgproject\debug\dbgproject.exe
e:\编程项目\调试器\dbgproject\debug\dbgproject.ilk
e:\编程项目\调试器\dbgproject\debug\dbgproject.pdb
e:\编程项目\调试器\dbgproject\project2\debug\debugger.obj.enc
e:\编程项目\调试器\dbgproject\project2\debug\exceptevent.obj.enc
e:\编程项目\调试器\dbgproject\project2\debug\processevent.obj.enc
e:\编程项目\调试器\dbgproject\project2\debug\dbgproject.tlog\cl.command.1.tlog
e:\编程项目\调试器\dbgproject\project2\debug\dbgproject.tlog\cl.read.1.tlog
e:\编程项目\调试器\dbgproject\project2\debug\dbgproject.tlog\cl.write.1.tlog
e:\编程项目\调试器\dbgproject\project2\debug\dbgproject.tlog\link.command.1.tlog
e:\编程项目\调试器\dbgproject\project2\debug\dbgproject.tlog\link.read.1.tlog
e:\编程项目\调试器\dbgproject\project2\debug\dbgproject.tlog\link.write.1.tlog
